<?xml version="1.0" encoding="UTF-8"?>
<testsuite name="com.pawz.models.ClientTest" tests="2" skipped="0" failures="0" errors="0" timestamp="2016-08-10T21:44:27" hostname="COMPOZED-ANB-13" time="0.963">
  <properties/>
  <testcase name="shouldNotCreateNewClientAndSaveNameTooLong" classname="com.pawz.models.ClientTest" time="0.948"/>
  <testcase name="shouldCreateNewClientAndSave" classname="com.pawz.models.ClientTest" time="0.014"/>
  <system-out><![CDATA[Hibernate: 
    TRUNCATE TABLE clients
Hibernate: 
    insert 
    into
        clients
        (name) 
    values
        (?)
16:44:28.435 [Test worker] TRACE org.hibernate.type.descriptor.sql.BasicBinder - binding parameter [1] as [VARCHAR] - [Billisnottherealnamebecauseitistoolongtouseinheresoi'mgoingtoaddmorethingsinheretomakeitover45]
16:44:28.439 [Test worker] ERROR org.hibernate.engine.jdbc.spi.SqlExceptionHelper - Data truncation: Data too long for column 'name' at row 1
Hibernate: 
    TRUNCATE TABLE clients
Hibernate: 
    insert 
    into
        clients
        (name) 
    values
        (?)
16:44:28.451 [Test worker] TRACE org.hibernate.type.descriptor.sql.BasicBinder - binding parameter [1] as [VARCHAR] - [Bill]
]]></system-out>
  <system-err><![CDATA[Wed Aug 10 16:44:28 CDT 2016 WARN: Establishing SSL connection without server's identity verification is not recommended. According to MySQL 5.5.45+, 5.6.26+ and 5.7.6+ requirements SSL connection must be established by default if explicit option isn't set. For compliance with existing applications not using SSL the verifyServerCertificate property is set to 'false'. You need either to explicitly disable SSL by setting useSSL=false, or set useSSL=true and provide truststore for server certificate verification.
]]></system-err>
</testsuite>
