<?xml version="1.0" encoding="UTF-8"?>
<testsuite name="com.pawz.models.ShelterTest" tests="2" skipped="0" failures="0" errors="0" timestamp="2016-08-10T21:44:28" hostname="COMPOZED-ANB-13" time="0.032">
  <properties/>
  <testcase name="shouldNotCreateNewClientAndSaveNameTooLong" classname="com.pawz.models.ShelterTest" time="0.016"/>
  <testcase name="shouldShelterNewShelterAndSave" classname="com.pawz.models.ShelterTest" time="0.016"/>
  <system-out><![CDATA[Hibernate: 
    TRUNCATE TABLE shelters
Hibernate: 
    insert 
    into
        shelters
        (name, opendate) 
    values
        (?, ?)
16:44:28.470 [Test worker] TRACE org.hibernate.type.descriptor.sql.BasicBinder - binding parameter [1] as [VARCHAR] - [Billisnottherealnamebecauseitistoolongtouseinheresoi'mgoingtoaddmorethingsinheretomakeitover45]
16:44:28.470 [Test worker] TRACE org.hibernate.type.descriptor.sql.BasicBinder - binding parameter [2] as [DATE] - [1969-12-31]
16:44:28.472 [Test worker] ERROR org.hibernate.engine.jdbc.spi.SqlExceptionHelper - Data truncation: Data too long for column 'name' at row 1
Hibernate: 
    TRUNCATE TABLE shelters
Hibernate: 
    insert 
    into
        shelters
        (name, opendate) 
    values
        (?, ?)
16:44:28.487 [Test worker] TRACE org.hibernate.type.descriptor.sql.BasicBinder - binding parameter [1] as [VARCHAR] - [shelter1]
16:44:28.487 [Test worker] TRACE org.hibernate.type.descriptor.sql.BasicBinder - binding parameter [2] as [DATE] - [1969-12-31]
]]></system-out>
  <system-err><![CDATA[]]></system-err>
</testsuite>
